[2026-07-22 10:55:10] lb_build 
[2026-07-22 10:55:10] lb_bootstrap 
P: Setting up cleanup function
[2026-07-22 10:55:11] lb_bootstrap_cache restore
P: Restoring bootstrap stage from cache...
[2026-07-22 10:55:11] lb_bootstrap_copy 
[2026-07-22 10:55:13] lb_bootstrap_cdebootstrap 
[2026-07-22 10:55:13] lb_bootstrap_debootstrap 
P: Begin bootstrapping system...
[2026-07-22 10:55:14] lb_testroot 
P: If the following stage fails, the most likely cause of the problem is with your mirror configuration or a caching proxy.
P: Running debootstrap (download-only)... 
I: Retrieving InRelease 
I: Checking Release signature
I: Valid Release signature (key id F6ECB3762474EDA9D21B7022871920D1991BC93C)
I: Retrieving Packages 
I: Validating Packages 
I: Retrieving Packages 
I: Validating Packages 
I: Retrieving Packages 
I: Validating Packages 
I: Retrieving Packages 
I: Validating Packages 
I: Resolving dependencies of required packages...
I: Resolving dependencies of base packages...
I: Checking component main on http://archive.ubuntu.com/ubuntu...
I: Validating adduser 3.137ubuntu1
I: Validating apt 2.7.14build2
I: Validating apt-utils 2.7.14build2
I: Validating base-files 13ubuntu10
I: Validating base-passwd 3.6.3build1
I: Validating bash 5.2.21-2ubuntu4
I: Validating bsdutils 1:2.39.3-9ubuntu6
I: Validating ca-certificates 20240203
I: Validating console-setup 1.226ubuntu1
I: Validating console-setup-linux 1.226ubuntu1
I: Validating coreutils 9.4-3ubuntu6
I: Validating cron 3.0pl1-184ubuntu2
I: Validating cron-daemon-common 3.0pl1-184ubuntu2
I: Validating dash 0.5.12-6ubuntu5
I: Validating dbus 1.14.10-4ubuntu4
I: Validating dbus-bin 1.14.10-4ubuntu4
I: Validating dbus-daemon 1.14.10-4ubuntu4
I: Validating dbus-session-bus-common 1.14.10-4ubuntu4
I: Validating dbus-system-bus-common 1.14.10-4ubuntu4
I: Validating dbus-user-session 1.14.10-4ubuntu4
I: Validating debconf 1.5.86ubuntu1
I: Validating debconf-i18n 1.5.86ubuntu1
I: Validating debianutils 5.17build1
I: Validating dhcpcd-base 1:10.0.6-1ubuntu3
I: Validating diffutils 1:3.10-1build1
I: Validating distro-info 1.7build1
I: Validating distro-info-data 0.60
I: Validating dmsetup 2:1.02.185-3ubuntu3
I: Validating dpkg 1.22.6ubuntu6
I: Validating e2fsprogs 1.47.0-2.4~exp1ubuntu4
I: Validating eject 2.39.3-9ubuntu6
I: Validating findutils 4.9.0-5build1
I: Validating gcc-14-base 14-20240412-0ubuntu1
I: Validating gir1.2-girepository-2.0 1.80.1-1
I: Validating gir1.2-glib-2.0 2.80.0-6ubuntu1
I: Validating gpgv 2.4.4-2ubuntu17
I: Validating grep 3.11-4build1
I: Validating gzip 1.12-1ubuntu3
I: Validating hostname 3.23+nmu2ubuntu2
I: Validating init 1.66ubuntu1
I: Validating init-system-helpers 1.66ubuntu1
I: Validating iproute2 6.1.0-1ubuntu6
I: Validating iputils-ping 3:20240117-1build1
I: Validating iso-codes 4.16.0-1
I: Validating kbd 2.6.4-2ubuntu2
I: Validating keyboard-configuration 1.226ubuntu1
I: Validating kmod 31+20240202-2ubuntu7
I: Validating krb5-locales 1.20.1-6ubuntu2
I: Validating less 590-2ubuntu2
I: Validating libacl1 2.3.2-1build1
I: Validating libapparmor1 4.0.0-beta3-0ubuntu3
I: Validating libapt-pkg6.0t64 2.7.14build2
I: Validating libargon2-1 0~20190702+dfsg-4build1
I: Validating libassuan0 2.5.6-1build1
I: Validating libatm1t64 1:2.5.1-5.1build1
I: Validating libattr1 1:2.5.2-1build1
I: Validating libaudit-common 1:3.1.2-2.1build1
I: Validating libaudit1 1:3.1.2-2.1build1
I: Validating libblkid1 2.39.3-9ubuntu6
I: Validating libbpf1 1:1.3.0-2build2
I: Validating libbsd0 0.12.1-1build1
I: Validating libbz2-1.0 1.0.8-5.1
I: Validating libc-bin 2.39-0ubuntu8
I: Validating libc6 2.39-0ubuntu8
I: Validating libcap-ng0 0.8.4-2build2
I: Validating libcap2 1:2.66-5ubuntu2
I: Validating libcap2-bin 1:2.66-5ubuntu2
I: Validating libcom-err2 1.47.0-2.4~exp1ubuntu4
I: Validating libcrypt1 1:4.4.36-4build1
I: Validating libcryptsetup12 2:2.7.0-1ubuntu4
I: Validating libdb5.3t64 5.3.28+dfsg2-7
I: Validating libdbus-1-3 1.14.10-4ubuntu4
I: Validating libdebconfclient0 0.271ubuntu3
I: Validating libdevmapper1.02.1 2:1.02.185-3ubuntu3
I: Validating libelf1t64 0.190-1.1build4
I: Validating libestr0 0.1.11-1build1
I: Validating libexpat1 2.6.1-2build1
I: Validating libext2fs2t64 1.47.0-2.4~exp1ubuntu4
I: Validating libfastjson4 1.2304.0-1build1
I: Validating libfdisk1 2.39.3-9ubuntu6
I: Validating libffi8 3.4.6-1build1
I: Validating libfribidi0 1.0.13-3build1
I: Validating libgcc-s1 14-20240412-0ubuntu1
I: Validating libgcrypt20 1.10.3-2build1
I: Validating libgirepository-1.0-1 1.80.1-1
I: Validating libglib2.0-0t64 2.80.0-6ubuntu1
I: Validating libglib2.0-data 2.80.0-6ubuntu1
I: Validating libgmp10 2:6.3.0+dfsg-2ubuntu6
I: Validating libgnutls30t64 3.8.3-1.1ubuntu3
I: Validating libgpg-error0 1.47-3build2
I: Validating libgssapi-krb5-2 1.20.1-6ubuntu2
I: Validating libhogweed6t64 3.9.1-2.2build1
I: Validating libicu74 74.2-1ubuntu3
I: Validating libidn2-0 2.3.7-2build1
I: Validating libjson-c5 0.17-1build1
I: Validating libk5crypto3 1.20.1-6ubuntu2
I: Validating libkeyutils1 1.6.3-3build1
I: Validating libkmod2 31+20240202-2ubuntu7
I: Validating libkrb5-3 1.20.1-6ubuntu2
I: Validating libkrb5support0 1.20.1-6ubuntu2
I: Validating liblocale-gettext-perl 1.07-6ubuntu5
I: Validating liblz4-1 1.9.4-1build1
I: Validating liblzma5 5.6.1+really5.4.5-1
I: Validating libmd0 1.1.0-2build1
I: Validating libmnl0 1.0.5-2build1
I: Validating libmount1 2.39.3-9ubuntu6
I: Validating libncursesw6 6.4+20240113-1ubuntu2
I: Validating libnetplan1 1.0-2ubuntu1
I: Validating libnettle8t64 3.9.1-2.2build1
I: Validating libnewt0.52 0.52.24-2ubuntu2
I: Validating libnpth0t64 1.6-3.1build1
I: Validating libnss-systemd 255.4-1ubuntu8
I: Validating libp11-kit0 0.25.3-4ubuntu2
I: Validating libpam-cap 1:2.66-5ubuntu2
I: Validating libpam-modules 1.5.3-5ubuntu5
I: Validating libpam-modules-bin 1.5.3-5ubuntu5
I: Validating libpam-runtime 1.5.3-5ubuntu5
I: Validating libpam-systemd 255.4-1ubuntu8
I: Validating libpam0g 1.5.3-5ubuntu5
I: Validating libpcre2-8-0 10.42-4ubuntu2
I: Validating libpopt0 1.19+dfsg-1build1
I: Validating libproc2-0 2:4.0.4-4ubuntu3
I: Validating libpython3-stdlib 3.12.3-0ubuntu1
I: Validating libpython3.12-minimal 3.12.3-1
I: Validating libpython3.12-stdlib 3.12.3-1
I: Validating libreadline8t64 8.2-4build1
I: Validating libseccomp2 2.5.5-1ubuntu3
I: Validating libselinux1 3.5-2ubuntu2
I: Validating libsemanage-common 3.5-1build5
I: Validating libsemanage2 3.5-1build5
I: Validating libsepol2 3.5-2build1
I: Validating libslang2 2.3.3-3build2
I: Validating libsmartcols1 2.39.3-9ubuntu6
I: Validating libsqlite3-0 3.45.1-1ubuntu2
I: Validating libss2 1.47.0-2.4~exp1ubuntu4
I: Validating libssl3t64 3.0.13-0ubuntu3
I: Validating libstdc++6 14-20240412-0ubuntu1
I: Validating libsystemd-shared 255.4-1ubuntu8
I: Validating libsystemd0 255.4-1ubuntu8
I: Validating libtasn1-6 4.19.0-3build1
I: Validating libtext-charwidth-perl 0.04-11build3
I: Validating libtext-iconv-perl 1.7-8build3
I: Validating libtext-wrapi18n-perl 0.06-10
I: Validating libtinfo6 6.4+20240113-1ubuntu2
I: Validating libtirpc-common 1.3.4+ds-1.1build1
I: Validating libtirpc3t64 1.3.4+ds-1.1build1
I: Validating libudev1 255.4-1ubuntu8
I: Validating libunistring5 1.1-2build1
I: Validating libuuid1 2.39.3-9ubuntu6
I: Validating libxml2 2.9.14+dfsg-1.3ubuntu3
I: Validating libxtables12 1.8.10-3ubuntu2
I: Validating libxxhash0 0.8.2-2build1
I: Validating libyaml-0-2 0.2.5-1build1
I: Validating libzstd1 1.5.5+dfsg2-2build1
I: Validating locales 2.39-0ubuntu8
I: Validating login 1:4.13+dfsg1-4ubuntu3
I: Validating logrotate 3.21.0-2build1
I: Validating logsave 1.47.0-2.4~exp1ubuntu4
I: Validating lsb-release 12.0-2
I: Validating mawk 1.3.4.20240123-1build1
I: Validating media-types 10.1.0
I: Validating mount 2.39.3-9ubuntu6
I: Validating ncurses-base 6.4+20240113-1ubuntu2
I: Validating ncurses-bin 6.4+20240113-1ubuntu2
I: Validating netbase 6.4
I: Validating netcat-openbsd 1.226-1ubuntu2
I: Validating netplan-generator 1.0-2ubuntu1
I: Validating netplan.io 1.0-2ubuntu1
I: Validating networkd-dispatcher 2.2.4-1
I: Validating openssl 3.0.13-0ubuntu3
I: Validating passwd 1:4.13+dfsg1-4ubuntu3
I: Validating perl-base 5.38.2-3.2build2
I: Validating procps 2:4.0.4-4ubuntu3
I: Validating python-apt-common 2.7.7ubuntu1
I: Validating python3 3.12.3-0ubuntu1
I: Validating python3-apt 2.7.7ubuntu1
I: Validating python3-cffi-backend 1.16.0-2build1
I: Validating python3-dbus 1.3.2-5build3
I: Validating python3-gi 3.48.2-1
I: Validating python3-markdown-it 3.0.0-2
I: Validating python3-mdurl 0.1.2-1
I: Validating python3-minimal 3.12.3-0ubuntu1
I: Validating python3-netifaces 0.11.0-2build3
I: Validating python3-netplan 1.0-2ubuntu1
I: Validating python3-pkg-resources 68.1.2-2ubuntu1
I: Validating python3-pygments 2.17.2+dfsg-1
I: Validating python3-rich 13.7.1-1
I: Validating python3-typing-extensions 4.10.0-1
I: Validating python3-yaml 6.0.1-2build2
I: Validating python3.12 3.12.3-1
I: Validating python3.12-minimal 3.12.3-1
I: Validating readline-common 8.2-4build1
I: Validating rsyslog 8.2312.0-3ubuntu9
I: Validating sed 4.9-2build1
I: Validating sensible-utils 0.0.22
I: Validating shared-mime-info 2.4-4
I: Validating sudo 1.9.15p5-3ubuntu5
I: Validating systemd 255.4-1ubuntu8
I: Validating systemd-dev 255.4-1ubuntu8
I: Validating systemd-hwe-hwdb 255.1.3
I: Validating systemd-resolved 255.4-1ubuntu8
I: Validating systemd-sysv 255.4-1ubuntu8
I: Validating systemd-timesyncd 255.4-1ubuntu8
I: Validating sysvinit-utils 3.08-6ubuntu3
I: Validating tar 1.35+dfsg-3build1
I: Validating tzdata 2024a-2ubuntu1
I: Validating ubuntu-keyring 2023.11.28.1
I: Validating ubuntu-minimal 1.539
I: Validating ubuntu-pro-client 31.2.3
I: Validating ubuntu-pro-client-l10n 31.2.3
I: Validating ucf 3.0043+nmu1
I: Validating udev 255.4-1ubuntu8
I: Validating util-linux 2.39.3-9ubuntu6
I: Validating vim-common 2:9.1.0016-1ubuntu7
I: Validating vim-tiny 2:9.1.0016-1ubuntu7
I: Validating whiptail 0.52.24-2ubuntu2
I: Validating xdg-user-dirs 0.18-1build1
I: Validating xkb-data 2.41-2ubuntu1
I: Validating xxd 2:9.1.0016-1ubuntu7
I: Validating zlib1g 1:1.3.dfsg-3.1ubuntu2
P: If the following stage fails, the most likely cause of the problem is with your mirror configuration or a caching proxy.
P: Running debootstrap... 
I: Checking Release signature
I: Valid Release signature (key id F6ECB3762474EDA9D21B7022871920D1991BC93C)
I: Validating Packages 
I: Validating Packages 
I: Validating Packages 
I: Validating Packages 
I: Resolving dependencies of required packages...
I: Resolving dependencies of base packages...
I: Checking component main on http://archive.ubuntu.com/ubuntu...
I: Validating adduser 3.137ubuntu1
I: Validating apt 2.7.14build2
I: Validating apt-utils 2.7.14build2
I: Validating base-files 13ubuntu10
I: Validating base-passwd 3.6.3build1
I: Validating bash 5.2.21-2ubuntu4
I: Validating bsdutils 1:2.39.3-9ubuntu6
I: Validating ca-certificates 20240203
I: Validating console-setup 1.226ubuntu1
I: Validating console-setup-linux 1.226ubuntu1
I: Validating coreutils 9.4-3ubuntu6
I: Validating cron 3.0pl1-184ubuntu2
I: Validating cron-daemon-common 3.0pl1-184ubuntu2
I: Validating dash 0.5.12-6ubuntu5
I: Validating dbus 1.14.10-4ubuntu4
I: Validating dbus-bin 1.14.10-4ubuntu4
I: Validating dbus-daemon 1.14.10-4ubuntu4
I: Validating dbus-session-bus-common 1.14.10-4ubuntu4
I: Validating dbus-system-bus-common 1.14.10-4ubuntu4
I: Validating dbus-user-session 1.14.10-4ubuntu4
I: Validating debconf 1.5.86ubuntu1
I: Validating debconf-i18n 1.5.86ubuntu1
I: Validating debianutils 5.17build1
I: Validating dhcpcd-base 1:10.0.6-1ubuntu3
I: Validating diffutils 1:3.10-1build1
I: Validating distro-info 1.7build1
I: Validating distro-info-data 0.60
I: Validating dmsetup 2:1.02.185-3ubuntu3
I: Validating dpkg 1.22.6ubuntu6
I: Validating e2fsprogs 1.47.0-2.4~exp1ubuntu4
I: Validating eject 2.39.3-9ubuntu6
I: Validating findutils 4.9.0-5build1
I: Validating gcc-14-base 14-20240412-0ubuntu1
I: Validating gir1.2-girepository-2.0 1.80.1-1
I: Validating gir1.2-glib-2.0 2.80.0-6ubuntu1
I: Validating gpgv 2.4.4-2ubuntu17
I: Validating grep 3.11-4build1
I: Validating gzip 1.12-1ubuntu3
I: Validating hostname 3.23+nmu2ubuntu2
I: Validating init 1.66ubuntu1
I: Validating init-system-helpers 1.66ubuntu1
I: Validating iproute2 6.1.0-1ubuntu6
I: Validating iputils-ping 3:20240117-1build1
I: Validating iso-codes 4.16.0-1
I: Validating kbd 2.6.4-2ubuntu2
I: Validating keyboard-configuration 1.226ubuntu1
I: Validating kmod 31+20240202-2ubuntu7
I: Validating krb5-locales 1.20.1-6ubuntu2
I: Validating less 590-2ubuntu2
I: Validating libacl1 2.3.2-1build1
I: Validating libapparmor1 4.0.0-beta3-0ubuntu3
I: Validating libapt-pkg6.0t64 2.7.14build2
I: Validating libargon2-1 0~20190702+dfsg-4build1
I: Validating libassuan0 2.5.6-1build1
I: Validating libatm1t64 1:2.5.1-5.1build1
I: Validating libattr1 1:2.5.2-1build1
I: Validating libaudit-common 1:3.1.2-2.1build1
I: Validating libaudit1 1:3.1.2-2.1build1
I: Validating libblkid1 2.39.3-9ubuntu6
I: Validating libbpf1 1:1.3.0-2build2
I: Validating libbsd0 0.12.1-1build1
I: Validating libbz2-1.0 1.0.8-5.1
I: Validating libc-bin 2.39-0ubuntu8
I: Validating libc6 2.39-0ubuntu8
I: Validating libcap-ng0 0.8.4-2build2
I: Validating libcap2 1:2.66-5ubuntu2
I: Validating libcap2-bin 1:2.66-5ubuntu2
I: Validating libcom-err2 1.47.0-2.4~exp1ubuntu4
I: Validating libcrypt1 1:4.4.36-4build1
I: Validating libcryptsetup12 2:2.7.0-1ubuntu4
I: Validating libdb5.3t64 5.3.28+dfsg2-7
I: Validating libdbus-1-3 1.14.10-4ubuntu4
I: Validating libdebconfclient0 0.271ubuntu3
I: Validating libdevmapper1.02.1 2:1.02.185-3ubuntu3
I: Validating libelf1t64 0.190-1.1build4
I: Validating libestr0 0.1.11-1build1
I: Validating libexpat1 2.6.1-2build1
I: Validating libext2fs2t64 1.47.0-2.4~exp1ubuntu4
I: Validating libfastjson4 1.2304.0-1build1
I: Validating libfdisk1 2.39.3-9ubuntu6
I: Validating libffi8 3.4.6-1build1
I: Validating libfribidi0 1.0.13-3build1
I: Validating libgcc-s1 14-20240412-0ubuntu1
I: Validating libgcrypt20 1.10.3-2build1
I: Validating libgirepository-1.0-1 1.80.1-1
I: Validating libglib2.0-0t64 2.80.0-6ubuntu1
I: Validating libglib2.0-data 2.80.0-6ubuntu1
I: Validating libgmp10 2:6.3.0+dfsg-2ubuntu6
I: Validating libgnutls30t64 3.8.3-1.1ubuntu3
I: Validating libgpg-error0 1.47-3build2
I: Validating libgssapi-krb5-2 1.20.1-6ubuntu2
I: Validating libhogweed6t64 3.9.1-2.2build1
I: Validating libicu74 74.2-1ubuntu3
I: Validating libidn2-0 2.3.7-2build1
I: Validating libjson-c5 0.17-1build1
I: Validating libk5crypto3 1.20.1-6ubuntu2
I: Validating libkeyutils1 1.6.3-3build1
I: Validating libkmod2 31+20240202-2ubuntu7
I: Validating libkrb5-3 1.20.1-6ubuntu2
I: Validating libkrb5support0 1.20.1-6ubuntu2
I: Validating liblocale-gettext-perl 1.07-6ubuntu5
I: Validating liblz4-1 1.9.4-1build1
I: Validating liblzma5 5.6.1+really5.4.5-1
I: Validating libmd0 1.1.0-2build1
I: Validating libmnl0 1.0.5-2build1
I: Validating libmount1 2.39.3-9ubuntu6
I: Validating libncursesw6 6.4+20240113-1ubuntu2
I: Validating libnetplan1 1.0-2ubuntu1
I: Validating libnettle8t64 3.9.1-2.2build1
I: Validating libnewt0.52 0.52.24-2ubuntu2
I: Validating libnpth0t64 1.6-3.1build1
I: Validating libnss-systemd 255.4-1ubuntu8
I: Validating libp11-kit0 0.25.3-4ubuntu2
I: Validating libpam-cap 1:2.66-5ubuntu2
I: Validating libpam-modules 1.5.3-5ubuntu5
I: Validating libpam-modules-bin 1.5.3-5ubuntu5
I: Validating libpam-runtime 1.5.3-5ubuntu5
I: Validating libpam-systemd 255.4-1ubuntu8
I: Validating libpam0g 1.5.3-5ubuntu5
I: Validating libpcre2-8-0 10.42-4ubuntu2
I: Validating libpopt0 1.19+dfsg-1build1
I: Validating libproc2-0 2:4.0.4-4ubuntu3
I: Validating libpython3-stdlib 3.12.3-0ubuntu1
I: Validating libpython3.12-minimal 3.12.3-1
I: Validating libpython3.12-stdlib 3.12.3-1
I: Validating libreadline8t64 8.2-4build1
I: Validating libseccomp2 2.5.5-1ubuntu3
I: Validating libselinux1 3.5-2ubuntu2
I: Validating libsemanage-common 3.5-1build5
I: Validating libsemanage2 3.5-1build5
I: Validating libsepol2 3.5-2build1
I: Validating libslang2 2.3.3-3build2
I: Validating libsmartcols1 2.39.3-9ubuntu6
I: Validating libsqlite3-0 3.45.1-1ubuntu2
I: Validating libss2 1.47.0-2.4~exp1ubuntu4
I: Validating libssl3t64 3.0.13-0ubuntu3
I: Validating libstdc++6 14-20240412-0ubuntu1
I: Validating libsystemd-shared 255.4-1ubuntu8
I: Validating libsystemd0 255.4-1ubuntu8
I: Validating libtasn1-6 4.19.0-3build1
I: Validating libtext-charwidth-perl 0.04-11build3
I: Validating libtext-iconv-perl 1.7-8build3
I: Validating libtext-wrapi18n-perl 0.06-10
I: Validating libtinfo6 6.4+20240113-1ubuntu2
I: Validating libtirpc-common 1.3.4+ds-1.1build1
I: Validating libtirpc3t64 1.3.4+ds-1.1build1
I: Validating libudev1 255.4-1ubuntu8
I: Validating libunistring5 1.1-2build1
I: Validating libuuid1 2.39.3-9ubuntu6
I: Validating libxml2 2.9.14+dfsg-1.3ubuntu3
I: Validating libxtables12 1.8.10-3ubuntu2
I: Validating libxxhash0 0.8.2-2build1
I: Validating libyaml-0-2 0.2.5-1build1
I: Validating libzstd1 1.5.5+dfsg2-2build1
I: Validating locales 2.39-0ubuntu8
I: Validating login 1:4.13+dfsg1-4ubuntu3
I: Validating logrotate 3.21.0-2build1
I: Validating logsave 1.47.0-2.4~exp1ubuntu4
I: Validating lsb-release 12.0-2
I: Validating mawk 1.3.4.20240123-1build1
I: Validating media-types 10.1.0
I: Validating mount 2.39.3-9ubuntu6
I: Validating ncurses-base 6.4+20240113-1ubuntu2
I: Validating ncurses-bin 6.4+20240113-1ubuntu2
I: Validating netbase 6.4
I: Validating netcat-openbsd 1.226-1ubuntu2
I: Validating netplan-generator 1.0-2ubuntu1
I: Validating netplan.io 1.0-2ubuntu1
I: Validating networkd-dispatcher 2.2.4-1
I: Validating openssl 3.0.13-0ubuntu3
I: Validating passwd 1:4.13+dfsg1-4ubuntu3
I: Validating perl-base 5.38.2-3.2build2
I: Validating procps 2:4.0.4-4ubuntu3
I: Validating python-apt-common 2.7.7ubuntu1
I: Validating python3 3.12.3-0ubuntu1
I: Validating python3-apt 2.7.7ubuntu1
I: Validating python3-cffi-backend 1.16.0-2build1
I: Validating python3-dbus 1.3.2-5build3
I: Validating python3-gi 3.48.2-1
I: Validating python3-markdown-it 3.0.0-2
I: Validating python3-mdurl 0.1.2-1
I: Validating python3-minimal 3.12.3-0ubuntu1
I: Validating python3-netifaces 0.11.0-2build3
I: Validating python3-netplan 1.0-2ubuntu1
I: Validating python3-pkg-resources 68.1.2-2ubuntu1
I: Validating python3-pygments 2.17.2+dfsg-1
I: Validating python3-rich 13.7.1-1
I: Validating python3-typing-extensions 4.10.0-1
I: Validating python3-yaml 6.0.1-2build2
I: Validating python3.12 3.12.3-1
I: Validating python3.12-minimal 3.12.3-1
I: Validating readline-common 8.2-4build1
I: Validating rsyslog 8.2312.0-3ubuntu9
I: Validating sed 4.9-2build1
I: Validating sensible-utils 0.0.22
I: Validating shared-mime-info 2.4-4
I: Validating sudo 1.9.15p5-3ubuntu5
I: Validating systemd 255.4-1ubuntu8
I: Validating systemd-dev 255.4-1ubuntu8
I: Validating systemd-hwe-hwdb 255.1.3
I: Validating systemd-resolved 255.4-1ubuntu8
I: Validating systemd-sysv 255.4-1ubuntu8
I: Validating systemd-timesyncd 255.4-1ubuntu8
I: Validating sysvinit-utils 3.08-6ubuntu3
I: Validating tar 1.35+dfsg-3build1
I: Validating tzdata 2024a-2ubuntu1
I: Validating ubuntu-keyring 2023.11.28.1
I: Validating ubuntu-minimal 1.539
I: Validating ubuntu-pro-client 31.2.3
I: Validating ubuntu-pro-client-l10n 31.2.3
I: Validating ucf 3.0043+nmu1
I: Validating udev 255.4-1ubuntu8
I: Validating util-linux 2.39.3-9ubuntu6
I: Validating vim-common 2:9.1.0016-1ubuntu7
I: Validating vim-tiny 2:9.1.0016-1ubuntu7
I: Validating whiptail 0.52.24-2ubuntu2
I: Validating xdg-user-dirs 0.18-1build1
I: Validating xkb-data 2.41-2ubuntu1
I: Validating xxd 2:9.1.0016-1ubuntu7
I: Validating zlib1g 1:1.3.dfsg-3.1ubuntu2
I: Chosen extractor for .deb packages: dpkg-deb
I: Extracting base-files...
I: Extracting base-passwd...
I: Extracting bash...
I: Extracting bsdutils...
I: Extracting coreutils...
I: Extracting dash...
I: Extracting debconf...
I: Extracting debianutils...
I: Extracting diffutils...
I: Extracting dpkg...
I: Extracting e2fsprogs...
I: Extracting findutils...
I: Extracting gcc-14-base...
I: Extracting grep...
I: Extracting gzip...
I: Extracting hostname...
I: Extracting init-system-helpers...
I: Extracting libacl1...
I: Extracting libattr1...
I: Extracting libaudit-common...
I: Extracting libaudit1...
I: Extracting libblkid1...
I: Extracting libbz2-1.0...
I: Extracting libc-bin...
I: Extracting libc6...
I: Extracting libcap-ng0...
I: Extracting libcap2...
I: Extracting libcom-err2...
I: Extracting libcrypt1...
I: Extracting libdebconfclient0...
I: Extracting libext2fs2t64...
I: Extracting libgcc-s1...
I: Extracting libgcrypt20...
I: Extracting libgmp10...
I: Extracting libgpg-error0...
I: Extracting liblz4-1...
I: Extracting liblzma5...
I: Extracting libmd0...
I: Extracting libmount1...
I: Extracting libncursesw6...
I: Extracting libpam-modules...
I: Extracting libpam-modules-bin...
I: Extracting libpam-runtime...
I: Extracting libpam0g...
I: Extracting libpcre2-8-0...
I: Extracting libproc2-0...
I: Extracting libselinux1...
I: Extracting libsemanage-common...
I: Extracting libsemanage2...
I: Extracting libsepol2...
I: Extracting libsmartcols1...
I: Extracting libss2...
I: Extracting libssl3t64...
I: Extracting libsystemd0...
I: Extracting libtinfo6...
I: Extracting libudev1...
I: Extracting libuuid1...
I: Extracting libzstd1...
I: Extracting login...
I: Extracting logsave...
I: Extracting mawk...
I: Extracting mount...
I: Extracting ncurses-base...
I: Extracting ncurses-bin...
I: Extracting passwd...
I: Extracting perl-base...
I: Extracting procps...
I: Extracting sed...
I: Extracting sensible-utils...
I: Extracting sysvinit-utils...
I: Extracting tar...
I: Extracting util-linux...
I: Extracting zlib1g...
I: Installing core packages...
I: Unpacking required packages...
I: Unpacking base-files...
I: Unpacking base-passwd...
I: Unpacking bash...
I: Unpacking bsdutils...
I: Unpacking coreutils...
I: Unpacking dash...
I: Unpacking debconf...
I: Unpacking debianutils...
I: Unpacking diffutils...
I: Unpacking dpkg...
I: Unpacking e2fsprogs...
I: Unpacking findutils...
I: Unpacking gcc-14-base:amd64...
I: Unpacking grep...
I: Unpacking gzip...
I: Unpacking hostname...
I: Unpacking init-system-helpers...
I: Unpacking libacl1:amd64...
I: Unpacking libattr1:amd64...
I: Unpacking libaudit-common...
I: Unpacking libaudit1:amd64...
I: Unpacking libblkid1:amd64...
I: Unpacking libbz2-1.0:amd64...
I: Unpacking libc-bin...
I: Unpacking libc6:amd64...
I: Unpacking libcap-ng0:amd64...
I: Unpacking libcap2:amd64...
I: Unpacking libcom-err2:amd64...
I: Unpacking libcrypt1:amd64...
I: Unpacking libdebconfclient0:amd64...
I: Unpacking libext2fs2t64:amd64...
I: Unpacking libgcc-s1:amd64...
I: Unpacking libgcrypt20:amd64...
I: Unpacking libgmp10:amd64...
I: Unpacking libgpg-error0:amd64...
I: Unpacking liblz4-1:amd64...
I: Unpacking liblzma5:amd64...
I: Unpacking libmd0:amd64...
I: Unpacking libmount1:amd64...
I: Unpacking libncursesw6:amd64...
I: Unpacking libpam-modules:amd64...
I: Unpacking libpam-modules-bin...
I: Unpacking libpam-runtime...
I: Unpacking libpam0g:amd64...
I: Unpacking libpcre2-8-0:amd64...
I: Unpacking libproc2-0:amd64...
I: Unpacking libselinux1:amd64...
I: Unpacking libsemanage-common...
I: Unpacking libsemanage2:amd64...
I: Unpacking libsepol2:amd64...
I: Unpacking libsmartcols1:amd64...
I: Unpacking libss2:amd64...
I: Unpacking libssl3t64:amd64...
I: Unpacking libsystemd0:amd64...
I: Unpacking libtinfo6:amd64...
I: Unpacking libudev1:amd64...
I: Unpacking libuuid1:amd64...
I: Unpacking libzstd1:amd64...
I: Unpacking login...
I: Unpacking logsave...
I: Unpacking mawk...
I: Unpacking mount...
I: Unpacking ncurses-base...
I: Unpacking ncurses-bin...
I: Unpacking passwd...
I: Unpacking perl-base...
I: Unpacking procps...
I: Unpacking sed...
I: Unpacking sensible-utils...
I: Unpacking sysvinit-utils...
I: Unpacking tar...
I: Unpacking util-linux...
I: Unpacking zlib1g:amd64...
I: Configuring required packages...
I: Configuring gcc-14-base:amd64...
I: Configuring libaudit-common...
I: Configuring libsemanage-common...
I: Configuring debconf...
I: Configuring ncurses-base...
I: Configuring init-system-helpers...
I: Configuring sensible-utils...
I: Configuring libgcc-s1:amd64...
I: Configuring libc6:amd64...
I: Configuring libmd0:amd64...
I: Configuring libattr1:amd64...
I: Configuring sysvinit-utils...
I: Configuring libext2fs2t64:amd64...
I: Configuring debianutils...
I: Configuring mawk...
I: Configuring libdebconfclient0:amd64...
I: Configuring libbz2-1.0:amd64...
I: Configuring libblkid1:amd64...
I: Configuring libtinfo6:amd64...
I: Configuring libzstd1:amd64...
I: Configuring liblzma5:amd64...
I: Configuring libgpg-error0:amd64...
I: Configuring libssl3t64:amd64...
I: Configuring liblz4-1:amd64...
I: Configuring libc-bin...
I: Configuring ncurses-bin...
I: Configuring libacl1:amd64...
I: Configuring libsmartcols1:amd64...
I: Configuring libgcrypt20:amd64...
I: Configuring zlib1g:amd64...
I: Configuring libcrypt1:amd64...
I: Configuring libcom-err2:amd64...
I: Configuring diffutils...
I: Configuring libcap2:amd64...
I: Configuring hostname...
I: Configuring libcap-ng0:amd64...
I: Configuring libgmp10:amd64...
I: Configuring libaudit1:amd64...
I: Configuring libuuid1:amd64...
I: Configuring libss2:amd64...
I: Configuring libsepol2:amd64...
I: Configuring libpcre2-8-0:amd64...
I: Configuring libncursesw6:amd64...
I: Configuring logsave...
I: Configuring libudev1:amd64...
I: Configuring base-files...
I: Configuring bash...
I: Configuring grep...
I: Configuring e2fsprogs...
I: Configuring libsystemd0:amd64...
I: Configuring libselinux1:amd64...
I: Configuring libpam0g:amd64...
I: Configuring sed...
I: Configuring libproc2-0:amd64...
I: Configuring findutils...
I: Configuring libmount1:amd64...
I: Configuring procps...
I: Configuring libsemanage2:amd64...
I: Configuring base-passwd...
I: Configuring bsdutils...
I: Configuring tar...
I: Configuring libpam-modules-bin...
I: Configuring coreutils...
I: Configuring util-linux...
I: Configuring dpkg...
I: Configuring mount...
I: Configuring dash...
I: Configuring libpam-modules:amd64...
I: Configuring perl-base...
I: Configuring gzip...
I: Configuring passwd...
I: Configuring libpam-runtime...
I: Configuring login...
I: Configuring libc-bin...
I: Unpacking the base system...
W: Failure trying to run: chroot "/home/gay/bibios/chroot" dpkg --force-overwrite --force-confold --skip-same-version --install /var/cache/apt/archives/libapparmor1_4.0.0-beta3-0ubuntu3_amd64.deb /var/cache/apt/archives/libargon2-1_0~20190702+dfsg-4build1_amd64.deb /var/cache/apt/archives/libcryptsetup12_2%3a2.7.0-1ubuntu4_amd64.deb /var/cache/apt/archives/libdevmapper1.02.1_2%3a1.02.185-3ubuntu3_amd64.deb /var/cache/apt/archives/libfdisk1_2.39.3-9ubuntu6_amd64.deb /var/cache/apt/archives/libjson-c5_0.17-1build1_amd64.deb /var/cache/apt/archives/libkmod2_31+20240202-2ubuntu7_amd64.deb /var/cache/apt/archives/libseccomp2_2.5.5-1ubuntu3_amd64.deb /var/cache/apt/archives/libsystemd-shared_255.4-1ubuntu8_amd64.deb /var/cache/apt/archives/systemd_255.4-1ubuntu8_amd64.deb /var/cache/apt/archives/systemd-dev_255.4-1ubuntu8_all.deb
W: See /home/gay/bibios/chroot/debootstrap/debootstrap.log for details (possibly the package systemd is at fault)
P: Begin unmounting filesystems...
P: Saving caches...
/usr/bin/env: ‘apt-get’: No such file or directory
